Vivado Simulator v2024.2.0
Copyright 1986-2022 Xilinx, Inc. All Rights Reserved.
Copyright 2022-2024 Advanced Micro Devices, Inc. All Rights Reserved.
Running: /tools/Xilinx/Vivado/2024.2/bin/unwrapped/lnx64.o/xelab --incr --debug typical --relax --mt 8 -L xil_defaultlib -L axi_lite_ipif_v3_0_4 -L v_tc_v6_2_9 -L v_tc_v6_1_14 -L v_vid_in_axi4s_v4_0_11 -L v_axi4s_vid_out_v4_0_19 -L lib_cdc_v1_0_3 -L proc_sys_reset_v5_0_16 -L axis_infrastructure_v1_1_1 -L axis_register_slice_v1_1_33 -L axis_subset_converter_v1_1_33 -L unisims_ver -L unimacro_ver -L secureip -L xpm --snapshot system_behav xil_defaultlib.system xil_defaultlib.glbl -log elaborate.log 
Using 8 slave threads.
Starting static elaboration
Pass Through NonSizing Optimizer
WARNING: [VRFC 10-4940] 'core' remains a black box since it has no binding entity [/home/calma/Workspace/personal/chip8_emulator/chip8_emulator.srcs/sources_1/new/system.vhd:73]
WARNING: [VRFC 10-5021] port 'mb_reset' is not connected on this instance [/home/calma/Workspace/personal/chip8_emulator/chip8_emulator.ip_user_files/bd/video_out/sim/video_out.v:73]
WARNING: [VRFC 10-5021] port 'fsync_out' is not connected on this instance [/home/calma/Workspace/personal/chip8_emulator/chip8_emulator.ip_user_files/bd/video_out/sim/video_out.v:103]
Completed static elaboration
Starting simulation data flow analysis
Completed simulation data flow analysis
Time Resolution for simulation is 1ps
Compiling package std.standard
Compiling package std.textio
Compiling package ieee.std_logic_1164
Compiling package ieee.numeric_std
Compiling package unisim.vcomponents
Compiling package ieee.vital_timing
Compiling package ieee.vital_primitives
Compiling package unisim.vpkg
Compiling package ieee.std_logic_arith
Compiling package synopsys.attributes
Compiling package ieee.std_logic_misc
Compiling package ieee.std_logic_unsigned
Compiling package ieee.std_logic_signed
Compiling package v_tc_v6_2_9.video_ctrl_pkg
Compiling package xpm.vcomponents
Compiling package v_tc_v6_2_9.hwt_pkg
Compiling package axi_lite_ipif_v3_0_4.ipif_pkg
Compiling package vl.vl_types
Compiling module xil_defaultlib.glbl
Compiling module axis_subset_converter_v1_1_33.axis_subset_converter_v1_1_33_co...
Compiling module xil_defaultlib.tdata_video_out_axis_subset_conv...
Compiling module xil_defaultlib.tuser_video_out_axis_subset_conv...
Compiling module xil_defaultlib.tid_video_out_axis_subset_conver...
Compiling module xil_defaultlib.tdest_video_out_axis_subset_conv...
Compiling module xil_defaultlib.tstrb_video_out_axis_subset_conv...
Compiling module xil_defaultlib.tkeep_video_out_axis_subset_conv...
Compiling module xil_defaultlib.tlast_video_out_axis_subset_conv...
Compiling module xil_defaultlib.top_video_out_axis_subset_conver...
Compiling module xil_defaultlib.video_out_axis_subset_converter_...
Compiling module unisims_ver.IBUF
Compiling module unisims_ver.MMCME2_ADV(CLKFBOUT_MULT_F=37.12...
Compiling module unisims_ver.BUFG
Compiling module xil_defaultlib.video_out_clk_wiz_0_clk_wiz
Compiling module xil_defaultlib.video_out_clk_wiz_0
Compiling architecture fdre_v of entity unisim.FDRE [fdre_default]
Compiling architecture fdre_v of entity unisim.FDRE [\FDRE(init='1')\]
Compiling architecture fdr_v of entity unisim.FDR [fdr_default]
Compiling architecture implementation of entity lib_cdc_v1_0_3.cdc_sync [\cdc_sync(c_vector_width=2,c_mtb...]
Compiling architecture srl16e_v of entity unisim.SRL16E [\SRL16E(init="1111111111111111")...]
Compiling architecture srl16_v of entity unisim.SRL16 [\SRL16(init="1111111111111111")(...]
Compiling architecture imp of entity proc_sys_reset_v5_0_16.lpf [\lpf(c_ext_rst_width=4,c_aux_rst...]
Compiling architecture imp of entity proc_sys_reset_v5_0_16.upcnt_n [\upcnt_n(c_size=6)\]
Compiling architecture imp of entity proc_sys_reset_v5_0_16.sequence_psr [sequence_psr_default]
Compiling architecture imp of entity proc_sys_reset_v5_0_16.proc_sys_reset [\proc_sys_reset(c_family="zynq",...]
Compiling architecture video_out_rst_clk_wiz_74m_0_arch of entity xil_defaultlib.video_out_rst_clk_wiz_74M_0 [video_out_rst_clk_wiz_74m_0_defa...]
Compiling module xpm.xpm_cdc_single(SRC_INPUT_REG=0)
Compiling module v_axi4s_vid_out_v4_0_19.v_axi4s_vid_out_v4_0_19_cdc_sing...
Compiling module xpm.xpm_fifo_rst_default
Compiling module xpm.xpm_fifo_reg_bit
Compiling module xpm.xpm_counter_updn(COUNTER_WIDTH=1...
Compiling module xpm.xpm_counter_updn(COUNTER_WIDTH=1...
Compiling module xpm.xpm_memory_base(MEMORY_TYPE=1,ME...
Compiling module xpm.xpm_counter_updn(COUNTER_WIDTH=2...
Compiling module xpm.xpm_fifo_base(FIFO_WRITE_DEPTH=1...
Compiling module xpm.xpm_fifo_sync(FIFO_WRITE_DEPTH=1...
Compiling module v_axi4s_vid_out_v4_0_19.v_axi4s_vid_out_v4_0_19_fifo_syn...
Compiling module v_axi4s_vid_out_v4_0_19.v_axi4s_vid_out_v4_0_19_coupler(...
Compiling module v_axi4s_vid_out_v4_0_19.v_axi4s_vid_out_v4_0_19_sync_def...
Compiling module v_axi4s_vid_out_v4_0_19.v_axi4s_vid_out_v4_0_19_formatte...
Compiling module v_axi4s_vid_out_v4_0_19.v_axi4s_vid_out_v4_0_19(C_FAMILY...
Compiling module xil_defaultlib.video_out_v_axi4s_vid_out_0_1
Compiling module xpm.xpm_cdc_single(DEST_SYNC_FF=2,IN...
Compiling architecture rtl of entity v_tc_v6_2_9.video_ctrl [\video_ctrl(c_family="virtex5",c...]
Compiling architecture rtl of entity v_tc_v6_2_9.tc_generator [\tc_generator(c_max_pixels=4096,...]
Compiling architecture rtl of entity v_tc_v6_2_9.tc_top [\tc_top(c_detect_en=0,c_det_achr...]
Compiling architecture imp of entity v_tc_v6_2_9.v_tc [\v_tc(c_has_axi4_lite=0,c_gen_vi...]
Compiling architecture video_out_v_tc_0_0_arch of entity xil_defaultlib.video_out_v_tc_0_0 [video_out_v_tc_0_0_default]
Compiling module xil_defaultlib.video_out
Compiling module xil_defaultlib.video_out_wrapper
Compiling architecture behavioral of entity xil_defaultlib.system
Built simulation snapshot system_behav
