Time resolution is 1 ps
Stopped at time : 1 us : File "/home/calma/Workspace/personal/chip8_emulator/chip8_emulator.srcs/sources_1/new/system.vhd" Line 57
Stopped at time : 1 us : File "/home/calma/Workspace/personal/chip8_emulator/chip8_emulator.srcs/sources_1/new/core.vhd" Line 117
Stopped at time : 1050 ns : File "/home/calma/Workspace/personal/chip8_emulator/chip8_emulator.srcs/sources_1/new/system.vhd" Line 57
Stopped at time : 1050 ns : File "/home/calma/Workspace/personal/chip8_emulator/chip8_emulator.srcs/sources_1/new/core.vhd" Line 117
Stopped at time : 1100 ns : File "/home/calma/Workspace/personal/chip8_emulator/chip8_emulator.srcs/sources_1/new/system.vhd" Line 57
Stopped at time : 1100 ns : File "/home/calma/Workspace/personal/chip8_emulator/chip8_emulator.srcs/sources_1/new/system.vhd" Line 58
Stopped at time : 1100 ns : File "/home/calma/Workspace/personal/chip8_emulator/chip8_emulator.srcs/sources_1/new/system.vhd" Line 59
Stopped at time : 1100 ns : File "/home/calma/Workspace/personal/chip8_emulator/chip8_emulator.srcs/sources_1/new/core.vhd" Line 117
Stopped at time : 1100 ns : File "/home/calma/Workspace/personal/chip8_emulator/chip8_emulator.srcs/sources_1/new/core.vhd" Line 123
Stopped at time : 1100 ns : File "/home/calma/Workspace/personal/chip8_emulator/chip8_emulator.srcs/sources_1/new/core.vhd" Line 127
Stopped at time : 1100 ns : File "/home/calma/Workspace/personal/chip8_emulator/chip8_emulator.srcs/sources_1/new/core.vhd" Line 128
Stopped at time : 1100 ns : File "/home/calma/Workspace/personal/chip8_emulator/chip8_emulator.srcs/sources_1/new/core.vhd" Line 129
Stopped at time : 1150 ns : File "/home/calma/Workspace/personal/chip8_emulator/chip8_emulator.srcs/sources_1/new/system.vhd" Line 57
Stopped at time : 1150 ns : File "/home/calma/Workspace/personal/chip8_emulator/chip8_emulator.srcs/sources_1/new/core.vhd" Line 117
Stopped at time : 1200 ns : File "/home/calma/Workspace/personal/chip8_emulator/chip8_emulator.srcs/sources_1/new/system.vhd" Line 57
Stopped at time : 1200 ns : File "/home/calma/Workspace/personal/chip8_emulator/chip8_emulator.srcs/sources_1/new/system.vhd" Line 58
Stopped at time : 1200 ns : File "/home/calma/Workspace/personal/chip8_emulator/chip8_emulator.srcs/sources_1/new/system.vhd" Line 59
Stopped at time : 1200 ns : File "/home/calma/Workspace/personal/chip8_emulator/chip8_emulator.srcs/sources_1/new/core.vhd" Line 117
Stopped at time : 1200 ns : File "/home/calma/Workspace/personal/chip8_emulator/chip8_emulator.srcs/sources_1/new/core.vhd" Line 123
Stopped at time : 1200 ns : File "/home/calma/Workspace/personal/chip8_emulator/chip8_emulator.srcs/sources_1/new/core.vhd" Line 134
Stopped at time : 1200 ns : File "/home/calma/Workspace/personal/chip8_emulator/chip8_emulator.srcs/sources_1/new/core.vhd" Line 135
Stopped at time : 1200 ns : File "/home/calma/Workspace/personal/chip8_emulator/chip8_emulator.srcs/sources_1/new/core.vhd" Line 136
Stopped at time : 1200 ns : File "/home/calma/Workspace/personal/chip8_emulator/chip8_emulator.srcs/sources_1/new/core.vhd" Line 137
Stopped at time : 1200 ns : File "/home/calma/Workspace/personal/chip8_emulator/chip8_emulator.srcs/sources_1/new/core.vhd" Line 138
Stopped at time : 1200 ns : File "/home/calma/Workspace/personal/chip8_emulator/chip8_emulator.srcs/sources_1/new/core.vhd" Line 139
Stopped at time : 1200 ns : File "/home/calma/Workspace/personal/chip8_emulator/chip8_emulator.srcs/sources_1/new/core.vhd" Line 140
Stopped at time : 1200 ns : File "/home/calma/Workspace/personal/chip8_emulator/chip8_emulator.srcs/sources_1/new/core.vhd" Line 141
Stopped at time : 1200 ns : File "/home/calma/Workspace/personal/chip8_emulator/chip8_emulator.srcs/sources_1/new/core.vhd" Line 142
Stopped at time : 1200 ns : File "/home/calma/Workspace/personal/chip8_emulator/chip8_emulator.srcs/sources_1/new/core.vhd" Line 146
Stopped at time : 1200 ns : File "/home/calma/Workspace/personal/chip8_emulator/chip8_emulator.srcs/sources_1/new/core.vhd" Line 164
Stopped at time : 1200 ns : File "/home/calma/Workspace/personal/chip8_emulator/chip8_emulator.srcs/sources_1/new/core.vhd" Line 165
Stopped at time : 1200 ns : File "/home/calma/Workspace/personal/chip8_emulator/chip8_emulator.srcs/sources_1/new/core.vhd" Line 184
Stopped at time : 1250 ns : File "/home/calma/Workspace/personal/chip8_emulator/chip8_emulator.srcs/sources_1/new/system.vhd" Line 57
Stopped at time : 1250 ns : File "/home/calma/Workspace/personal/chip8_emulator/chip8_emulator.srcs/sources_1/new/core.vhd" Line 117
Stopped at time : 1300 ns : File "/home/calma/Workspace/personal/chip8_emulator/chip8_emulator.srcs/sources_1/new/system.vhd" Line 57
Stopped at time : 1300 ns : File "/home/calma/Workspace/personal/chip8_emulator/chip8_emulator.srcs/sources_1/new/system.vhd" Line 58
Stopped at time : 1300 ns : File "/home/calma/Workspace/personal/chip8_emulator/chip8_emulator.srcs/sources_1/new/system.vhd" Line 59
Stopped at time : 1300 ns : File "/home/calma/Workspace/personal/chip8_emulator/chip8_emulator.srcs/sources_1/new/core.vhd" Line 117
Stopped at time : 1300 ns : File "/home/calma/Workspace/personal/chip8_emulator/chip8_emulator.srcs/sources_1/new/core.vhd" Line 123
Stopped at time : 1300 ns : File "/home/calma/Workspace/personal/chip8_emulator/chip8_emulator.srcs/sources_1/new/core.vhd" Line 221
Stopped at time : 1300 ns : File "/home/calma/Workspace/personal/chip8_emulator/chip8_emulator.srcs/sources_1/new/core.vhd" Line 262
Stopped at time : 1300 ns : File "/home/calma/Workspace/personal/chip8_emulator/chip8_emulator.srcs/sources_1/new/core.vhd" Line 267
Stopped at time : 1300 ns : File "/home/calma/Workspace/personal/chip8_emulator/chip8_emulator.srcs/sources_1/new/core.vhd" Line 332
Stopped at time : 1350 ns : File "/home/calma/Workspace/personal/chip8_emulator/chip8_emulator.srcs/sources_1/new/system.vhd" Line 57
Stopped at time : 1350 ns : File "/home/calma/Workspace/personal/chip8_emulator/chip8_emulator.srcs/sources_1/new/core.vhd" Line 117
Stopped at time : 1400 ns : File "/home/calma/Workspace/personal/chip8_emulator/chip8_emulator.srcs/sources_1/new/system.vhd" Line 57
Stopped at time : 1400 ns : File "/home/calma/Workspace/personal/chip8_emulator/chip8_emulator.srcs/sources_1/new/system.vhd" Line 58
Stopped at time : 1400 ns : File "/home/calma/Workspace/personal/chip8_emulator/chip8_emulator.srcs/sources_1/new/system.vhd" Line 59
Stopped at time : 1400 ns : File "/home/calma/Workspace/personal/chip8_emulator/chip8_emulator.srcs/sources_1/new/core.vhd" Line 117
Stopped at time : 1400 ns : File "/home/calma/Workspace/personal/chip8_emulator/chip8_emulator.srcs/sources_1/new/core.vhd" Line 123
Stopped at time : 1400 ns : File "/home/calma/Workspace/personal/chip8_emulator/chip8_emulator.srcs/sources_1/new/core.vhd" Line 334
Stopped at time : 1400 ns : File "/home/calma/Workspace/personal/chip8_emulator/chip8_emulator.srcs/sources_1/new/core.vhd" Line 336
Stopped at time : 1450 ns : File "/home/calma/Workspace/personal/chip8_emulator/chip8_emulator.srcs/sources_1/new/system.vhd" Line 57
Stopped at time : 1450 ns : File "/home/calma/Workspace/personal/chip8_emulator/chip8_emulator.srcs/sources_1/new/core.vhd" Line 117
Stopped at time : 1500 ns : File "/home/calma/Workspace/personal/chip8_emulator/chip8_emulator.srcs/sources_1/new/system.vhd" Line 57
Stopped at time : 1500 ns : File "/home/calma/Workspace/personal/chip8_emulator/chip8_emulator.srcs/sources_1/new/system.vhd" Line 58
Stopped at time : 1500 ns : File "/home/calma/Workspace/personal/chip8_emulator/chip8_emulator.srcs/sources_1/new/system.vhd" Line 59
Stopped at time : 1500 ns : File "/home/calma/Workspace/personal/chip8_emulator/chip8_emulator.srcs/sources_1/new/core.vhd" Line 117
Stopped at time : 1500 ns : File "/home/calma/Workspace/personal/chip8_emulator/chip8_emulator.srcs/sources_1/new/core.vhd" Line 123
Stopped at time : 1500 ns : File "/home/calma/Workspace/personal/chip8_emulator/chip8_emulator.srcs/sources_1/new/core.vhd" Line 127
Stopped at time : 1500 ns : File "/home/calma/Workspace/personal/chip8_emulator/chip8_emulator.srcs/sources_1/new/core.vhd" Line 128
Stopped at time : 1500 ns : File "/home/calma/Workspace/personal/chip8_emulator/chip8_emulator.srcs/sources_1/new/core.vhd" Line 129
Stopped at time : 1550 ns : File "/home/calma/Workspace/personal/chip8_emulator/chip8_emulator.srcs/sources_1/new/system.vhd" Line 57
Stopped at time : 1550 ns : File "/home/calma/Workspace/personal/chip8_emulator/chip8_emulator.srcs/sources_1/new/core.vhd" Line 117
Stopped at time : 1600 ns : File "/home/calma/Workspace/personal/chip8_emulator/chip8_emulator.srcs/sources_1/new/system.vhd" Line 57
Stopped at time : 1600 ns : File "/home/calma/Workspace/personal/chip8_emulator/chip8_emulator.srcs/sources_1/new/system.vhd" Line 58
Stopped at time : 1600 ns : File "/home/calma/Workspace/personal/chip8_emulator/chip8_emulator.srcs/sources_1/new/system.vhd" Line 59
Stopped at time : 1600 ns : File "/home/calma/Workspace/personal/chip8_emulator/chip8_emulator.srcs/sources_1/new/core.vhd" Line 117
Stopped at time : 1600 ns : File "/home/calma/Workspace/personal/chip8_emulator/chip8_emulator.srcs/sources_1/new/core.vhd" Line 123
Stopped at time : 1600 ns : File "/home/calma/Workspace/personal/chip8_emulator/chip8_emulator.srcs/sources_1/new/core.vhd" Line 134
Stopped at time : 1600 ns : File "/home/calma/Workspace/personal/chip8_emulator/chip8_emulator.srcs/sources_1/new/core.vhd" Line 135
Stopped at time : 1600 ns : File "/home/calma/Workspace/personal/chip8_emulator/chip8_emulator.srcs/sources_1/new/core.vhd" Line 136
Stopped at time : 1600 ns : File "/home/calma/Workspace/personal/chip8_emulator/chip8_emulator.srcs/sources_1/new/core.vhd" Line 137
Stopped at time : 1600 ns : File "/home/calma/Workspace/personal/chip8_emulator/chip8_emulator.srcs/sources_1/new/core.vhd" Line 138
Stopped at time : 1600 ns : File "/home/calma/Workspace/personal/chip8_emulator/chip8_emulator.srcs/sources_1/new/core.vhd" Line 139
Stopped at time : 1600 ns : File "/home/calma/Workspace/personal/chip8_emulator/chip8_emulator.srcs/sources_1/new/core.vhd" Line 140
Stopped at time : 1600 ns : File "/home/calma/Workspace/personal/chip8_emulator/chip8_emulator.srcs/sources_1/new/core.vhd" Line 141
Stopped at time : 1600 ns : File "/home/calma/Workspace/personal/chip8_emulator/chip8_emulator.srcs/sources_1/new/core.vhd" Line 142
Stopped at time : 1600 ns : File "/home/calma/Workspace/personal/chip8_emulator/chip8_emulator.srcs/sources_1/new/core.vhd" Line 146
Stopped at time : 1600 ns : File "/home/calma/Workspace/personal/chip8_emulator/chip8_emulator.srcs/sources_1/new/core.vhd" Line 149
Stopped at time : 1600 ns : File "/home/calma/Workspace/personal/chip8_emulator/chip8_emulator.srcs/sources_1/new/core.vhd" Line 150
Stopped at time : 1600 ns : File "/home/calma/Workspace/personal/chip8_emulator/chip8_emulator.srcs/sources_1/new/core.vhd" Line 184
Stopped at time : 1650 ns : File "/home/calma/Workspace/personal/chip8_emulator/chip8_emulator.srcs/sources_1/new/system.vhd" Line 57
Stopped at time : 1650 ns : File "/home/calma/Workspace/personal/chip8_emulator/chip8_emulator.srcs/sources_1/new/core.vhd" Line 117
Stopped at time : 1700 ns : File "/home/calma/Workspace/personal/chip8_emulator/chip8_emulator.srcs/sources_1/new/system.vhd" Line 57
Stopped at time : 1700 ns : File "/home/calma/Workspace/personal/chip8_emulator/chip8_emulator.srcs/sources_1/new/system.vhd" Line 58
Stopped at time : 1700 ns : File "/home/calma/Workspace/personal/chip8_emulator/chip8_emulator.srcs/sources_1/new/system.vhd" Line 59
Stopped at time : 1700 ns : File "/home/calma/Workspace/personal/chip8_emulator/chip8_emulator.srcs/sources_1/new/core.vhd" Line 117
Stopped at time : 1700 ns : File "/home/calma/Workspace/personal/chip8_emulator/chip8_emulator.srcs/sources_1/new/core.vhd" Line 123
Stopped at time : 1700 ns : File "/home/calma/Workspace/personal/chip8_emulator/chip8_emulator.srcs/sources_1/new/core.vhd" Line 221
Stopped at time : 1700 ns : File "/home/calma/Workspace/personal/chip8_emulator/chip8_emulator.srcs/sources_1/new/core.vhd" Line 222
Stopped at time : 1700 ns : File "/home/calma/Workspace/personal/chip8_emulator/chip8_emulator.srcs/sources_1/new/core.vhd" Line 332
Stopped at time : 1750 ns : File "/home/calma/Workspace/personal/chip8_emulator/chip8_emulator.srcs/sources_1/new/system.vhd" Line 57
Stopped at time : 1750 ns : File "/home/calma/Workspace/personal/chip8_emulator/chip8_emulator.srcs/sources_1/new/core.vhd" Line 117
Stopped at time : 1800 ns : File "/home/calma/Workspace/personal/chip8_emulator/chip8_emulator.srcs/sources_1/new/system.vhd" Line 57
Stopped at time : 1800 ns : File "/home/calma/Workspace/personal/chip8_emulator/chip8_emulator.srcs/sources_1/new/system.vhd" Line 58
Stopped at time : 1800 ns : File "/home/calma/Workspace/personal/chip8_emulator/chip8_emulator.srcs/sources_1/new/system.vhd" Line 59
Stopped at time : 1800 ns : File "/home/calma/Workspace/personal/chip8_emulator/chip8_emulator.srcs/sources_1/new/core.vhd" Line 117
Stopped at time : 1800 ns : File "/home/calma/Workspace/personal/chip8_emulator/chip8_emulator.srcs/sources_1/new/core.vhd" Line 123
Stopped at time : 1800 ns : File "/home/calma/Workspace/personal/chip8_emulator/chip8_emulator.srcs/sources_1/new/core.vhd" Line 334
Stopped at time : 1800 ns : File "/home/calma/Workspace/personal/chip8_emulator/chip8_emulator.srcs/sources_1/new/core.vhd" Line 336
Stopped at time : 1850 ns : File "/home/calma/Workspace/personal/chip8_emulator/chip8_emulator.srcs/sources_1/new/system.vhd" Line 57
Stopped at time : 1850 ns : File "/home/calma/Workspace/personal/chip8_emulator/chip8_emulator.srcs/sources_1/new/core.vhd" Line 117
Stopped at time : 1900 ns : File "/home/calma/Workspace/personal/chip8_emulator/chip8_emulator.srcs/sources_1/new/system.vhd" Line 57
Stopped at time : 1900 ns : File "/home/calma/Workspace/personal/chip8_emulator/chip8_emulator.srcs/sources_1/new/system.vhd" Line 58
Stopped at time : 1900 ns : File "/home/calma/Workspace/personal/chip8_emulator/chip8_emulator.srcs/sources_1/new/system.vhd" Line 59
Stopped at time : 1900 ns : File "/home/calma/Workspace/personal/chip8_emulator/chip8_emulator.srcs/sources_1/new/core.vhd" Line 117
Stopped at time : 1900 ns : File "/home/calma/Workspace/personal/chip8_emulator/chip8_emulator.srcs/sources_1/new/core.vhd" Line 123
Stopped at time : 1900 ns : File "/home/calma/Workspace/personal/chip8_emulator/chip8_emulator.srcs/sources_1/new/core.vhd" Line 127
Stopped at time : 1900 ns : File "/home/calma/Workspace/personal/chip8_emulator/chip8_emulator.srcs/sources_1/new/core.vhd" Line 128
Stopped at time : 1900 ns : File "/home/calma/Workspace/personal/chip8_emulator/chip8_emulator.srcs/sources_1/new/core.vhd" Line 129
Stopped at time : 1950 ns : File "/home/calma/Workspace/personal/chip8_emulator/chip8_emulator.srcs/sources_1/new/system.vhd" Line 57
Stopped at time : 1950 ns : File "/home/calma/Workspace/personal/chip8_emulator/chip8_emulator.srcs/sources_1/new/core.vhd" Line 117
Stopped at time : 2 us : File "/home/calma/Workspace/personal/chip8_emulator/chip8_emulator.srcs/sources_1/new/system.vhd" Line 57
Stopped at time : 2 us : File "/home/calma/Workspace/personal/chip8_emulator/chip8_emulator.srcs/sources_1/new/system.vhd" Line 58
Stopped at time : 2 us : File "/home/calma/Workspace/personal/chip8_emulator/chip8_emulator.srcs/sources_1/new/system.vhd" Line 59
Stopped at time : 2 us : File "/home/calma/Workspace/personal/chip8_emulator/chip8_emulator.srcs/sources_1/new/core.vhd" Line 117
Stopped at time : 2 us : File "/home/calma/Workspace/personal/chip8_emulator/chip8_emulator.srcs/sources_1/new/core.vhd" Line 123
Stopped at time : 2 us : File "/home/calma/Workspace/personal/chip8_emulator/chip8_emulator.srcs/sources_1/new/core.vhd" Line 134
Stopped at time : 2 us : File "/home/calma/Workspace/personal/chip8_emulator/chip8_emulator.srcs/sources_1/new/core.vhd" Line 135
Stopped at time : 2 us : File "/home/calma/Workspace/personal/chip8_emulator/chip8_emulator.srcs/sources_1/new/core.vhd" Line 136
Stopped at time : 2 us : File "/home/calma/Workspace/personal/chip8_emulator/chip8_emulator.srcs/sources_1/new/core.vhd" Line 137
Stopped at time : 2 us : File "/home/calma/Workspace/personal/chip8_emulator/chip8_emulator.srcs/sources_1/new/core.vhd" Line 138
Stopped at time : 2 us : File "/home/calma/Workspace/personal/chip8_emulator/chip8_emulator.srcs/sources_1/new/core.vhd" Line 139
