INFO: [VRFC 10-2263] Analyzing Verilog file "/home/calma/Workspace/personal/chip8_emulator/chip8_emulator.ip_user_files/bd/video_out/ip/video_out_v_axi4s_vid_out_0_1/sim/video_out_v_axi4s_vid_out_0_1.v" into library xil_defaultlib
INFO: [VRFC 10-311] analyzing module video_out_v_axi4s_vid_out_0_1
INFO: [VRFC 10-2263] Analyzing Verilog file "/home/calma/Workspace/personal/chip8_emulator/chip8_emulator.ip_user_files/bd/video_out/ip/video_out_clk_wiz_0/video_out_clk_wiz_0_clk_wiz.v" into library xil_defaultlib
INFO: [VRFC 10-311] analyzing module video_out_clk_wiz_0_clk_wiz
INFO: [VRFC 10-2263] Analyzing Verilog file "/home/calma/Workspace/personal/chip8_emulator/chip8_emulator.ip_user_files/bd/video_out/ip/video_out_clk_wiz_0/video_out_clk_wiz_0.v" into library xil_defaultlib
INFO: [VRFC 10-311] analyzing module video_out_clk_wiz_0
INFO: [VRFC 10-2263] Analyzing Verilog file "/home/calma/Workspace/personal/chip8_emulator/chip8_emulator.ip_user_files/bd/video_out/ip/video_out_axis_subset_converter_0_0/hdl/tdata_video_out_axis_subset_converter_0_0.v" into library xil_defaultlib
INFO: [VRFC 10-311] analyzing module tdata_video_out_axis_subset_converter_0_0
INFO: [VRFC 10-2263] Analyzing Verilog file "/home/calma/Workspace/personal/chip8_emulator/chip8_emulator.ip_user_files/bd/video_out/ip/video_out_axis_subset_converter_0_0/hdl/tuser_video_out_axis_subset_converter_0_0.v" into library xil_defaultlib
INFO: [VRFC 10-311] analyzing module tuser_video_out_axis_subset_converter_0_0
INFO: [VRFC 10-2263] Analyzing Verilog file "/home/calma/Workspace/personal/chip8_emulator/chip8_emulator.ip_user_files/bd/video_out/ip/video_out_axis_subset_converter_0_0/hdl/tstrb_video_out_axis_subset_converter_0_0.v" into library xil_defaultlib
INFO: [VRFC 10-311] analyzing module tstrb_video_out_axis_subset_converter_0_0
INFO: [VRFC 10-2263] Analyzing Verilog file "/home/calma/Workspace/personal/chip8_emulator/chip8_emulator.ip_user_files/bd/video_out/ip/video_out_axis_subset_converter_0_0/hdl/tkeep_video_out_axis_subset_converter_0_0.v" into library xil_defaultlib
INFO: [VRFC 10-311] analyzing module tkeep_video_out_axis_subset_converter_0_0
INFO: [VRFC 10-2263] Analyzing Verilog file "/home/calma/Workspace/personal/chip8_emulator/chip8_emulator.ip_user_files/bd/video_out/ip/video_out_axis_subset_converter_0_0/hdl/tid_video_out_axis_subset_converter_0_0.v" into library xil_defaultlib
INFO: [VRFC 10-311] analyzing module tid_video_out_axis_subset_converter_0_0
INFO: [VRFC 10-2263] Analyzing Verilog file "/home/calma/Workspace/personal/chip8_emulator/chip8_emulator.ip_user_files/bd/video_out/ip/video_out_axis_subset_converter_0_0/hdl/tdest_video_out_axis_subset_converter_0_0.v" into library xil_defaultlib
INFO: [VRFC 10-311] analyzing module tdest_video_out_axis_subset_converter_0_0
INFO: [VRFC 10-2263] Analyzing Verilog file "/home/calma/Workspace/personal/chip8_emulator/chip8_emulator.ip_user_files/bd/video_out/ip/video_out_axis_subset_converter_0_0/hdl/tlast_video_out_axis_subset_converter_0_0.v" into library xil_defaultlib
INFO: [VRFC 10-311] analyzing module tlast_video_out_axis_subset_converter_0_0
INFO: [VRFC 10-2263] Analyzing Verilog file "/home/calma/Workspace/personal/chip8_emulator/chip8_emulator.ip_user_files/bd/video_out/ip/video_out_axis_subset_converter_0_0/hdl/top_video_out_axis_subset_converter_0_0.v" into library xil_defaultlib
INFO: [VRFC 10-311] analyzing module top_video_out_axis_subset_converter_0_0
INFO: [VRFC 10-2263] Analyzing Verilog file "/home/calma/Workspace/personal/chip8_emulator/chip8_emulator.ip_user_files/bd/video_out/ip/video_out_axis_subset_converter_0_0/sim/video_out_axis_subset_converter_0_0.v" into library xil_defaultlib
INFO: [VRFC 10-311] analyzing module video_out_axis_subset_converter_0_0
INFO: [VRFC 10-2263] Analyzing Verilog file "/home/calma/Workspace/personal/chip8_emulator/chip8_emulator.ip_user_files/bd/video_out/sim/video_out.v" into library xil_defaultlib
INFO: [VRFC 10-311] analyzing module video_out
INFO: [VRFC 10-2263] Analyzing Verilog file "/home/calma/Workspace/personal/chip8_emulator/chip8_emulator.srcs/sources_1/imports/hdl/video_out_wrapper.v" into library xil_defaultlib
INFO: [VRFC 10-311] analyzing module video_out_wrapper
INFO: [VRFC 10-2263] Analyzing Verilog file "/home/calma/Workspace/personal/chip8_emulator/chip8_emulator.sim/sim_1/behav/xsim/glbl.v" into library xil_defaultlib
INFO: [VRFC 10-311] analyzing module glbl
