
*** Running vivado
    with args -log system.vdi -applog -m64 -product Vivado -messageDb vivado.pb -mode batch -source system.tcl -notrace


****** Vivado v2024.2 (64-bit)
  **** SW Build 5239630 on Fri Nov 08 22:34:34 MST 2024
  **** IP Build 5239520 on Sun Nov 10 16:12:51 MST 2024
  **** SharedData Build 5239561 on Fri Nov 08 14:39:27 MST 2024
  **** Start of session at: Fri Aug  1 15:01:58 2025
    ** Copyright 1986-2022 Xilinx, Inc. All Rights Reserved.
    ** Copyright 2022-2024 Advanced Micro Devices, Inc. All Rights Reserved.

source system.tcl -notrace
Command: link_design -top system -part xc7z020clg400-1
Design is defaulting to srcset: sources_1
Design is defaulting to constrset: constrs_1
INFO: [Device 21-403] Loading part xc7z020clg400-1
Netlist sorting complete. Time (s): cpu = 00:00:00 ; elapsed = 00:00:00 . Memory (MB): peak = 1575.637 ; gain = 0.000 ; free physical = 28364 ; free virtual = 41403
INFO: [Netlist 29-17] Analyzing 23 Unisim elements for replacement
INFO: [Netlist 29-28] Unisim Transformation completed in 0 CPU seconds
INFO: [Project 1-479] Netlist was created with Vivado 2024.2
INFO: [Project 1-570] Preparing netlist for logic optimization
Parsing XDC File [/home/calma/Workspace/personal/chip8_emulator/chip8_emulator.srcs/constrs_1/new/master.xdc]
Finished Parsing XDC File [/home/calma/Workspace/personal/chip8_emulator/chip8_emulator.srcs/constrs_1/new/master.xdc]
INFO: [Opt 31-138] Pushed 0 inverter(s) to 0 load pin(s).
Netlist sorting complete. Time (s): cpu = 00:00:00 ; elapsed = 00:00:00 . Memory (MB): peak = 1789.258 ; gain = 0.000 ; free physical = 28363 ; free virtual = 41401
INFO: [Project 1-111] Unisim Transformation Summary:
  A total of 8 instances were transformed.
  RAM16X1D => RAM32X1D (RAMD32(x2)): 8 instances

7 Infos, 0 Warnings, 0 Critical Warnings and 0 Errors encountered.
link_design completed successfully
Command: opt_design
Attempting to get a license for feature 'Implementation' and/or device 'xc7z020'
INFO: [Common 17-349] Got license for feature 'Implementation' and/or device 'xc7z020'
Running DRC as a precondition to command opt_design

Starting DRC Task
INFO: [DRC 23-27] Running DRC with 8 threads
INFO: [Project 1-461] DRC finished with 0 Errors
INFO: [Project 1-462] Please refer to the DRC report (report_drc) for more information.

Time (s): cpu = 00:00:00.92 ; elapsed = 00:00:00.32 . Memory (MB): peak = 1920.758 ; gain = 131.500 ; free physical = 28231 ; free virtual = 41278

Starting Cache Timing Information Task
INFO: [Timing 38-35] Done setting XDC timing constraints.
Ending Cache Timing Information Task | Checksum: 12b11a1d1

Time (s): cpu = 00:00:04 ; elapsed = 00:00:04 . Memory (MB): peak = 2322.711 ; gain = 401.953 ; free physical = 27917 ; free virtual = 40966

Starting Logic Optimization Task

Phase 1 Initialization

Phase 1.1 Core Generation And Design Setup
Phase 1.1 Core Generation And Design Setup | Checksum: 12b11a1d1

Time (s): cpu = 00:00:00 ; elapsed = 00:00:00.01 . Memory (MB): peak = 2665.633 ; gain = 0.000 ; free physical = 27580 ; free virtual = 40628

Phase 1.2 Setup Constraints And Sort Netlist
Phase 1.2 Setup Constraints And Sort Netlist | Checksum: 12b11a1d1

Time (s): cpu = 00:00:00 ; elapsed = 00:00:00.01 . Memory (MB): peak = 2665.633 ; gain = 0.000 ; free physical = 27580 ; free virtual = 40628
Phase 1 Initialization | Checksum: 12b11a1d1

Time (s): cpu = 00:00:00 ; elapsed = 00:00:00.01 . Memory (MB): peak = 2665.633 ; gain = 0.000 ; free physical = 27580 ; free virtual = 40628

Phase 2 Timer Update And Timing Data Collection

Phase 2.1 Timer Update
Phase 2.1 Timer Update | Checksum: 12b11a1d1

Time (s): cpu = 00:00:00 ; elapsed = 00:00:00.01 . Memory (MB): peak = 2665.633 ; gain = 0.000 ; free physical = 27580 ; free virtual = 40628

Phase 2.2 Timing Data Collection
Phase 2.2 Timing Data Collection | Checksum: 12b11a1d1

Time (s): cpu = 00:00:00.01 ; elapsed = 00:00:00.01 . Memory (MB): peak = 2665.633 ; gain = 0.000 ; free physical = 27580 ; free virtual = 40628
Phase 2 Timer Update And Timing Data Collection | Checksum: 12b11a1d1

Time (s): cpu = 00:00:00.01 ; elapsed = 00:00:00.01 . Memory (MB): peak = 2665.633 ; gain = 0.000 ; free physical = 27580 ; free virtual = 40628

Phase 3 Retarget
INFO: [Opt 31-1851] Number of loadless carry chains removed were: 0
INFO: [Opt 31-1834] Total Chains To Be Transformed Were: 0 AND Number of Transformed insts Created are: 0
INFO: [Opt 31-138] Pushed 0 inverter(s) to 0 load pin(s).
INFO: [Opt 31-49] Retargeted 0 cell(s).
Phase 3 Retarget | Checksum: 12b11a1d1

Time (s): cpu = 00:00:00.01 ; elapsed = 00:00:00.02 . Memory (MB): peak = 2665.633 ; gain = 0.000 ; free physical = 27580 ; free virtual = 40628
Retarget | Checksum: 12b11a1d1
INFO: [Opt 31-389] Phase Retarget created 0 cells and removed 0 cells

Phase 4 Constant propagation
INFO: [Opt 31-138] Pushed 0 inverter(s) to 0 load pin(s).
Phase 4 Constant propagation | Checksum: 2040fc89d

Time (s): cpu = 00:00:00.01 ; elapsed = 00:00:00.02 . Memory (MB): peak = 2665.633 ; gain = 0.000 ; free physical = 27580 ; free virtual = 40628
Constant propagation | Checksum: 2040fc89d
INFO: [Opt 31-389] Phase Constant propagation created 0 cells and removed 0 cells

Phase 5 Sweep
INFO: [Constraints 18-11670] Building netlist checker database with flags, 0x8
Done building netlist checker database: Time (s): cpu = 00:00:00 ; elapsed = 00:00:00 . Memory (MB): peak = 2665.633 ; gain = 0.000 ; free physical = 27580 ; free virtual = 40628
Phase 5 Sweep | Checksum: 1292d2cca

Time (s): cpu = 00:00:00.01 ; elapsed = 00:00:00.02 . Memory (MB): peak = 2665.633 ; gain = 0.000 ; free physical = 27580 ; free virtual = 40628
Sweep | Checksum: 1292d2cca
INFO: [Opt 31-389] Phase Sweep created 0 cells and removed 0 cells

Phase 6 BUFG optimization
Phase 6 BUFG optimization | Checksum: 1292d2cca

Time (s): cpu = 00:00:00.02 ; elapsed = 00:00:00.03 . Memory (MB): peak = 2697.648 ; gain = 32.016 ; free physical = 27580 ; free virtual = 40628
BUFG optimization | Checksum: 1292d2cca
INFO: [Opt 31-662] Phase BUFG optimization created 0 cells of which 0 are BUFGs and removed 0 cells.

Phase 7 Shift Register Optimization
INFO: [Opt 31-1064] SRL Remap converted 0 SRLs to 0 registers and converted 0 registers of register chains to 0 SRLs
Phase 7 Shift Register Optimization | Checksum: 1292d2cca

Time (s): cpu = 00:00:00.02 ; elapsed = 00:00:00.03 . Memory (MB): peak = 2697.648 ; gain = 32.016 ; free physical = 27580 ; free virtual = 40628
Shift Register Optimization | Checksum: 1292d2cca
INFO: [Opt 31-389] Phase Shift Register Optimization created 0 cells and removed 0 cells

Phase 8 Post Processing Netlist
Phase 8 Post Processing Netlist | Checksum: 1292d2cca

Time (s): cpu = 00:00:00.02 ; elapsed = 00:00:00.03 . Memory (MB): peak = 2697.648 ; gain = 32.016 ; free physical = 27580 ; free virtual = 40628
Post Processing Netlist | Checksum: 1292d2cca
INFO: [Opt 31-389] Phase Post Processing Netlist created 0 cells and removed 0 cells

Phase 9 Finalization

Phase 9.1 Finalizing Design Cores and Updating Shapes
Phase 9.1 Finalizing Design Cores and Updating Shapes | Checksum: 1f0846ade

Time (s): cpu = 00:00:00.02 ; elapsed = 00:00:00.03 . Memory (MB): peak = 2697.648 ; gain = 32.016 ; free physical = 27580 ; free virtual = 40628

Phase 9.2 Verifying Netlist Connectivity

Starting Connectivity Check Task

Time (s): cpu = 00:00:00 ; elapsed = 00:00:00 . Memory (MB): peak = 2697.648 ; gain = 0.000 ; free physical = 27580 ; free virtual = 40628
Phase 9.2 Verifying Netlist Connectivity | Checksum: 1f0846ade

Time (s): cpu = 00:00:00.02 ; elapsed = 00:00:00.03 . Memory (MB): peak = 2697.648 ; gain = 32.016 ; free physical = 27580 ; free virtual = 40628
Phase 9 Finalization | Checksum: 1f0846ade

Time (s): cpu = 00:00:00.02 ; elapsed = 00:00:00.03 . Memory (MB): peak = 2697.648 ; gain = 32.016 ; free physical = 27580 ; free virtual = 40628
Opt_design Change Summary
=========================


-------------------------------------------------------------------------------------------------------------------------
|  Phase                        |  #Cells created  |  #Cells Removed  |  #Constrained objects preventing optimizations  |
-------------------------------------------------------------------------------------------------------------------------
|  Retarget                     |               0  |               0  |                                              0  |
|  Constant propagation         |               0  |               0  |                                              0  |
|  Sweep                        |               0  |               0  |                                              0  |
|  BUFG optimization            |               0  |               0  |                                              0  |
|  Shift Register Optimization  |               0  |               0  |                                              0  |
|  Post Processing Netlist      |               0  |               0  |                                              0  |
-------------------------------------------------------------------------------------------------------------------------


Ending Logic Optimization Task | Checksum: 1f0846ade

Time (s): cpu = 00:00:00.03 ; elapsed = 00:00:00.03 . Memory (MB): peak = 2697.648 ; gain = 32.016 ; free physical = 27580 ; free virtual = 40628

Starting Power Optimization Task
INFO: [Pwropt 34-132] Skipping clock gating for clocks with a period < 2.00 ns.
Ending Power Optimization Task | Checksum: 1f0846ade

Time (s): cpu = 00:00:00 ; elapsed = 00:00:00.01 . Memory (MB): peak = 2697.648 ; gain = 0.000 ; free physical = 27580 ; free virtual = 40628

Starting Final Cleanup Task
Ending Final Cleanup Task | Checksum: 1f0846ade

Time (s): cpu = 00:00:00 ; elapsed = 00:00:00 . Memory (MB): peak = 2697.648 ; gain = 0.000 ; free physical = 27580 ; free virtual = 40628

Starting Netlist Obfuscation Task
Netlist sorting complete. Time (s): cpu = 00:00:00 ; elapsed = 00:00:00 . Memory (MB): peak = 2697.648 ; gain = 0.000 ; free physical = 27580 ; free virtual = 40628
Ending Netlist Obfuscation Task | Checksum: 1f0846ade

Time (s): cpu = 00:00:00 ; elapsed = 00:00:00 . Memory (MB): peak = 2697.648 ; gain = 0.000 ; free physical = 27580 ; free virtual = 40628
INFO: [Common 17-83] Releasing license: Implementation
27 Infos, 0 Warnings, 0 Critical Warnings and 0 Errors encountered.
opt_design completed successfully
opt_design: Time (s): cpu = 00:00:06 ; elapsed = 00:00:06 . Memory (MB): peak = 2697.648 ; gain = 908.391 ; free physical = 27580 ; free virtual = 40628
INFO: [Vivado 12-24828] Executing command : report_drc -file system_drc_opted.rpt -pb system_drc_opted.pb -rpx system_drc_opted.rpx
Command: report_drc -file system_drc_opted.rpt -pb system_drc_opted.pb -rpx system_drc_opted.rpx
INFO: [IP_Flow 19-234] Refreshing IP repositories
INFO: [IP_Flow 19-1704] No user IP repositories specified
INFO: [IP_Flow 19-2313] Loaded Vivado IP repository '/tools/Xilinx/Vivado/2024.2/data/ip'.
INFO: [DRC 23-27] Running DRC with 8 threads
INFO: [Vivado_Tcl 2-168] The results of DRC are in file /home/calma/Workspace/personal/chip8_emulator/chip8_emulator.runs/impl_1/system_drc_opted.rpt.
report_drc completed successfully
INFO: [Timing 38-480] Writing timing data to binary archive.
Wrote PlaceDB: Time (s): cpu = 00:00:00 ; elapsed = 00:00:00 . Memory (MB): peak = 2708.555 ; gain = 0.000 ; free physical = 27533 ; free virtual = 40579
Wrote PulsedLatchDB: Time (s): cpu = 00:00:00 ; elapsed = 00:00:00 . Memory (MB): peak = 2708.555 ; gain = 0.000 ; free physical = 27533 ; free virtual = 40579
Writing XDEF routing.
Write ShapeDB Complete: Time (s): cpu = 00:00:00 ; elapsed = 00:00:00 . Memory (MB): peak = 2708.555 ; gain = 0.000 ; free physical = 27533 ; free virtual = 40579
Writing XDEF routing logical nets.
Writing XDEF routing special nets.
Wrote RouteStorage: Time (s): cpu = 00:00:00.03 ; elapsed = 00:00:00.01 . Memory (MB): peak = 2708.555 ; gain = 0.000 ; free physical = 27532 ; free virtual = 40579
Wrote Netlist Cache: Time (s): cpu = 00:00:00 ; elapsed = 00:00:00 . Memory (MB): peak = 2708.555 ; gain = 0.000 ; free physical = 27532 ; free virtual = 40579
Wrote Device Cache: Time (s): cpu = 00:00:00.01 ; elapsed = 00:00:00 . Memory (MB): peak = 2708.555 ; gain = 0.000 ; free physical = 27531 ; free virtual = 40578
Write Physdb Complete: Time (s): cpu = 00:00:00.04 ; elapsed = 00:00:00.02 . Memory (MB): peak = 2708.555 ; gain = 0.000 ; free physical = 27531 ; free virtual = 40578
INFO: [Common 17-1381] The checkpoint '/home/calma/Workspace/personal/chip8_emulator/chip8_emulator.runs/impl_1/system_opt.dcp' has been generated.
Command: place_design
Attempting to get a license for feature 'Implementation' and/or device 'xc7z020'
INFO: [Common 17-349] Got license for feature 'Implementation' and/or device 'xc7z020'
INFO: [Common 17-83] Releasing license: Implementation
INFO: [DRC 23-27] Running DRC with 8 threads
INFO: [Vivado_Tcl 4-198] DRC finished with 0 Errors
INFO: [Vivado_Tcl 4-199] Please refer to the DRC report (report_drc) for more information.
Running DRC as a precondition to command place_design
INFO: [DRC 23-27] Running DRC with 8 threads
INFO: [Vivado_Tcl 4-198] DRC finished with 0 Errors
INFO: [Vivado_Tcl 4-199] Please refer to the DRC report (report_drc) for more information.
INFO: [Place 30-611] Multithreading enabled for place_design using a maximum of 8 CPUs

Starting Placer Task

Phase 1 Placer Initialization

Phase 1.1 Placer Initialization Netlist Sorting
Netlist sorting complete. Time (s): cpu = 00:00:00 ; elapsed = 00:00:00 . Memory (MB): peak = 2731.367 ; gain = 0.000 ; free physical = 27508 ; free virtual = 40580
Phase 1.1 Placer Initialization Netlist Sorting | Checksum: 1716133f1

Time (s): cpu = 00:00:00 ; elapsed = 00:00:00 . Memory (MB): peak = 2731.367 ; gain = 0.000 ; free physical = 27508 ; free virtual = 40580
Netlist sorting complete. Time (s): cpu = 00:00:00 ; elapsed = 00:00:00 . Memory (MB): peak = 2731.367 ; gain = 0.000 ; free physical = 27508 ; free virtual = 40580

Phase 1.2 IO Placement/ Clock Placement/ Build Placer Device
INFO: [Timing 38-35] Done setting XDC timing constraints.
Phase 1.2 IO Placement/ Clock Placement/ Build Placer Device | Checksum: 160bc343d

Time (s): cpu = 00:00:00.4 ; elapsed = 00:00:00.12 . Memory (MB): peak = 2731.367 ; gain = 0.000 ; free physical = 27524 ; free virtual = 40596

Phase 1.3 Build Placer Netlist Model
Phase 1.3 Build Placer Netlist Model | Checksum: 1ed74a8df

Time (s): cpu = 00:00:00.84 ; elapsed = 00:00:00.2 . Memory (MB): peak = 2731.367 ; gain = 0.000 ; free physical = 27523 ; free virtual = 40595

Phase 1.4 Constrain Clocks/Macros
Phase 1.4 Constrain Clocks/Macros | Checksum: 1ed74a8df

Time (s): cpu = 00:00:00.87 ; elapsed = 00:00:00.22 . Memory (MB): peak = 2731.367 ; gain = 0.000 ; free physical = 27523 ; free virtual = 40595
Phase 1 Placer Initialization | Checksum: 1ed74a8df

Time (s): cpu = 00:00:00.89 ; elapsed = 00:00:00.23 . Memory (MB): peak = 2731.367 ; gain = 0.000 ; free physical = 27523 ; free virtual = 40595

Phase 2 Global Placement

Phase 2.1 Floorplanning
Phase 2.1 Floorplanning | Checksum: 1ed74a8df

Time (s): cpu = 00:00:00.91 ; elapsed = 00:00:00.24 . Memory (MB): peak = 2731.367 ; gain = 0.000 ; free physical = 27522 ; free virtual = 40594

Phase 2.2 Update Timing before SLR Path Opt
Phase 2.2 Update Timing before SLR Path Opt | Checksum: 1ed74a8df

Time (s): cpu = 00:00:00.91 ; elapsed = 00:00:00.24 . Memory (MB): peak = 2731.367 ; gain = 0.000 ; free physical = 27522 ; free virtual = 40594

Phase 2.3 Post-Processing in Floorplanning
Phase 2.3 Post-Processing in Floorplanning | Checksum: 1ed74a8df

Time (s): cpu = 00:00:00.92 ; elapsed = 00:00:00.24 . Memory (MB): peak = 2731.367 ; gain = 0.000 ; free physical = 27522 ; free virtual = 40594

Phase 2.4 Global Place Phase1
Phase 2.4 Global Place Phase1 | Checksum: 21649042f

Time (s): cpu = 00:00:04 ; elapsed = 00:00:00.93 . Memory (MB): peak = 2763.383 ; gain = 32.016 ; free physical = 27656 ; free virtual = 40745

Phase 2.5 Global Place Phase2
WARNING: [Place 46-29] Timing had been disabled during Placer and, therefore, physical synthesis in Placer will be skipped.
Phase 2.5 Global Place Phase2 | Checksum: 252138192

Time (s): cpu = 00:00:05 ; elapsed = 00:00:01 . Memory (MB): peak = 2763.383 ; gain = 32.016 ; free physical = 27657 ; free virtual = 40746
Phase 2 Global Placement | Checksum: 252138192

Time (s): cpu = 00:00:05 ; elapsed = 00:00:01 . Memory (MB): peak = 2763.383 ; gain = 32.016 ; free physical = 27657 ; free virtual = 40746

Phase 3 Detail Placement

Phase 3.1 Commit Multi Column Macros
Phase 3.1 Commit Multi Column Macros | Checksum: 252138192

Time (s): cpu = 00:00:05 ; elapsed = 00:00:01 . Memory (MB): peak = 2763.383 ; gain = 32.016 ; free physical = 27657 ; free virtual = 40746

Phase 3.2 Commit Most Macros & LUTRAMs
Phase 3.2 Commit Most Macros & LUTRAMs | Checksum: 15e682895

Time (s): cpu = 00:00:05 ; elapsed = 00:00:01 . Memory (MB): peak = 2763.383 ; gain = 32.016 ; free physical = 27657 ; free virtual = 40746

Phase 3.3 Area Swap Optimization
Phase 3.3 Area Swap Optimization | Checksum: d2744573

Time (s): cpu = 00:00:05 ; elapsed = 00:00:01 . Memory (MB): peak = 2763.383 ; gain = 32.016 ; free physical = 27657 ; free virtual = 40746

Phase 3.4 Pipeline Register Optimization
Phase 3.4 Pipeline Register Optimization | Checksum: d2744573

Time (s): cpu = 00:00:05 ; elapsed = 00:00:01 . Memory (MB): peak = 2763.383 ; gain = 32.016 ; free physical = 27657 ; free virtual = 40746

Phase 3.5 Small Shape Detail Placement
Phase 3.5 Small Shape Detail Placement | Checksum: 133ca7722

Time (s): cpu = 00:00:06 ; elapsed = 00:00:01 . Memory (MB): peak = 2763.383 ; gain = 32.016 ; free physical = 27654 ; free virtual = 40743

Phase 3.6 Re-assign LUT pins
Phase 3.6 Re-assign LUT pins | Checksum: 133ca7722

Time (s): cpu = 00:00:06 ; elapsed = 00:00:01 . Memory (MB): peak = 2763.383 ; gain = 32.016 ; free physical = 27654 ; free virtual = 40744

Phase 3.7 Pipeline Register Optimization
Phase 3.7 Pipeline Register Optimization | Checksum: 133ca7722

Time (s): cpu = 00:00:06 ; elapsed = 00:00:01 . Memory (MB): peak = 2763.383 ; gain = 32.016 ; free physical = 27654 ; free virtual = 40744
Phase 3 Detail Placement | Checksum: 133ca7722

Time (s): cpu = 00:00:06 ; elapsed = 00:00:01 . Memory (MB): peak = 2763.383 ; gain = 32.016 ; free physical = 27654 ; free virtual = 40744

Phase 4 Post Placement Optimization and Clean-Up

Phase 4.1 Post Commit Optimization
Phase 4.1 Post Commit Optimization | Checksum: 133ca7722

Time (s): cpu = 00:00:06 ; elapsed = 00:00:01 . Memory (MB): peak = 2763.383 ; gain = 32.016 ; free physical = 27655 ; free virtual = 40744

Phase 4.2 Post Placement Cleanup
Phase 4.2 Post Placement Cleanup | Checksum: 133ca7722

Time (s): cpu = 00:00:06 ; elapsed = 00:00:01 . Memory (MB): peak = 2763.383 ; gain = 32.016 ; free physical = 27655 ; free virtual = 40744

Phase 4.3 Placer Reporting

Phase 4.3.1 Print Estimated Congestion
INFO: [Place 30-612] Post-Placement Estimated Congestion 
 ____________________________________________________
|           | Global Congestion | Short Congestion  |
| Direction | Region Size       | Region Size       |
|___________|___________________|___________________|
|      North|                1x1|                1x1|
|___________|___________________|___________________|
|      South|                1x1|                1x1|
|___________|___________________|___________________|
|       East|                1x1|                1x1|
|___________|___________________|___________________|
|       West|                1x1|                1x1|
|___________|___________________|___________________|

Phase 4.3.1 Print Estimated Congestion | Checksum: 133ca7722

Time (s): cpu = 00:00:06 ; elapsed = 00:00:01 . Memory (MB): peak = 2763.383 ; gain = 32.016 ; free physical = 27655 ; free virtual = 40744
Phase 4.3 Placer Reporting | Checksum: 133ca7722

Time (s): cpu = 00:00:06 ; elapsed = 00:00:01 . Memory (MB): peak = 2763.383 ; gain = 32.016 ; free physical = 27654 ; free virtual = 40744

Phase 4.4 Final Placement Cleanup
Netlist sorting complete. Time (s): cpu = 00:00:00 ; elapsed = 00:00:00 . Memory (MB): peak = 2763.383 ; gain = 0.000 ; free physical = 27654 ; free virtual = 40744

Time (s): cpu = 00:00:06 ; elapsed = 00:00:01 . Memory (MB): peak = 2763.383 ; gain = 32.016 ; free physical = 27654 ; free virtual = 40744
Phase 4 Post Placement Optimization and Clean-Up | Checksum: 17c0e9a1f

Time (s): cpu = 00:00:06 ; elapsed = 00:00:01 . Memory (MB): peak = 2763.383 ; gain = 32.016 ; free physical = 27654 ; free virtual = 40743
Ending Placer Task | Checksum: d2dd3802

Time (s): cpu = 00:00:06 ; elapsed = 00:00:01 . Memory (MB): peak = 2763.383 ; gain = 32.016 ; free physical = 27654 ; free virtual = 40743
46 Infos, 1 Warnings, 0 Critical Warnings and 0 Errors encountered.
place_design completed successfully
INFO: [Vivado 12-24838] Running report commands "report_control_sets, report_io, report_utilization" in parallel.
Running report generation with 3 threads.
INFO: [Vivado 12-24828] Executing command : report_control_sets -verbose -file system_control_sets_placed.rpt
report_control_sets: Time (s): cpu = 00:00:00.02 ; elapsed = 00:00:00.04 . Memory (MB): peak = 2763.383 ; gain = 0.000 ; free physical = 27631 ; free virtual = 40721
INFO: [Vivado 12-24828] Executing command : report_utilization -file system_utilization_placed.rpt -pb system_utilization_placed.pb
INFO: [Vivado 12-24828] Executing command : report_io -file system_io_placed.rpt
report_io: Time (s): cpu = 00:00:00.11 ; elapsed = 00:00:00.12 . Memory (MB): peak = 2763.383 ; gain = 0.000 ; free physical = 27632 ; free virtual = 40722
INFO: [Timing 38-480] Writing timing data to binary archive.
Write ShapeDB Complete: Time (s): cpu = 00:00:00 ; elapsed = 00:00:00 . Memory (MB): peak = 2763.383 ; gain = 0.000 ; free physical = 27632 ; free virtual = 40722
Wrote PlaceDB: Time (s): cpu = 00:00:00.01 ; elapsed = 00:00:00 . Memory (MB): peak = 2763.383 ; gain = 0.000 ; free physical = 27632 ; free virtual = 40722
Wrote PulsedLatchDB: Time (s): cpu = 00:00:00 ; elapsed = 00:00:00 . Memory (MB): peak = 2763.383 ; gain = 0.000 ; free physical = 27632 ; free virtual = 40722
Writing XDEF routing.
Writing XDEF routing logical nets.
Writing XDEF routing special nets.
Wrote RouteStorage: Time (s): cpu = 00:00:00.03 ; elapsed = 00:00:00.02 . Memory (MB): peak = 2763.383 ; gain = 0.000 ; free physical = 27633 ; free virtual = 40723
Wrote Netlist Cache: Time (s): cpu = 00:00:00 ; elapsed = 00:00:00 . Memory (MB): peak = 2763.383 ; gain = 0.000 ; free physical = 27633 ; free virtual = 40724
Wrote Device Cache: Time (s): cpu = 00:00:00.01 ; elapsed = 00:00:00 . Memory (MB): peak = 2763.383 ; gain = 0.000 ; free physical = 27632 ; free virtual = 40723
Write Physdb Complete: Time (s): cpu = 00:00:00.05 ; elapsed = 00:00:00.02 . Memory (MB): peak = 2763.383 ; gain = 0.000 ; free physical = 27632 ; free virtual = 40723
INFO: [Common 17-1381] The checkpoint '/home/calma/Workspace/personal/chip8_emulator/chip8_emulator.runs/impl_1/system_placed.dcp' has been generated.
Command: phys_opt_design
Attempting to get a license for feature 'Implementation' and/or device 'xc7z020'
INFO: [Common 17-349] Got license for feature 'Implementation' and/or device 'xc7z020'

Starting Initial Update Timing Task

Time (s): cpu = 00:00:00.01 ; elapsed = 00:00:00.02 . Memory (MB): peak = 2763.383 ; gain = 0.000 ; free physical = 27634 ; free virtual = 40716
INFO: [Vivado_Tcl 4-235] No timing constraint found. The netlist was not modified.
INFO: [Common 17-83] Releasing license: Implementation
55 Infos, 1 Warnings, 0 Critical Warnings and 0 Errors encountered.
phys_opt_design completed successfully
INFO: [Timing 38-480] Writing timing data to binary archive.
Write ShapeDB Complete: Time (s): cpu = 00:00:00.01 ; elapsed = 00:00:00 . Memory (MB): peak = 2763.383 ; gain = 0.000 ; free physical = 27634 ; free virtual = 40716
Wrote PlaceDB: Time (s): cpu = 00:00:00.02 ; elapsed = 00:00:00.01 . Memory (MB): peak = 2763.383 ; gain = 0.000 ; free physical = 27633 ; free virtual = 40714
Wrote PulsedLatchDB: Time (s): cpu = 00:00:00 ; elapsed = 00:00:00 . Memory (MB): peak = 2763.383 ; gain = 0.000 ; free physical = 27633 ; free virtual = 40714
Writing XDEF routing.
Writing XDEF routing logical nets.
Writing XDEF routing special nets.
Wrote RouteStorage: Time (s): cpu = 00:00:00.03 ; elapsed = 00:00:00.01 . Memory (MB): peak = 2763.383 ; gain = 0.000 ; free physical = 27630 ; free virtual = 40712
Wrote Netlist Cache: Time (s): cpu = 00:00:00 ; elapsed = 00:00:00 . Memory (MB): peak = 2763.383 ; gain = 0.000 ; free physical = 27630 ; free virtual = 40712
Wrote Device Cache: Time (s): cpu = 00:00:00.01 ; elapsed = 00:00:00.01 . Memory (MB): peak = 2763.383 ; gain = 0.000 ; free physical = 27628 ; free virtual = 40711
Write Physdb Complete: Time (s): cpu = 00:00:00.06 ; elapsed = 00:00:00.03 . Memory (MB): peak = 2763.383 ; gain = 0.000 ; free physical = 27628 ; free virtual = 40711
INFO: [Common 17-1381] The checkpoint '/home/calma/Workspace/personal/chip8_emulator/chip8_emulator.runs/impl_1/system_physopt.dcp' has been generated.
Command: route_design
Attempting to get a license for feature 'Implementation' and/or device 'xc7z020'
INFO: [Common 17-349] Got license for feature 'Implementation' and/or device 'xc7z020'


Starting Routing Task
INFO: [Route 35-254] Multithreading enabled for route_design using a maximum of 8 CPUs

Phase 1 Build RT Design
Checksum: PlaceDB: 20e18f91 ConstDB: 0 ShapeSum: 9c023581 RouteDB: 15f972f0
Post Restoration Checksum: NetGraph: 2c9c9857 | NumContArr: 634c9f8 | Constraints: c2a8fa9d | Timing: c2a8fa9d
Phase 1 Build RT Design | Checksum: 1b8235789

Time (s): cpu = 00:00:14 ; elapsed = 00:00:12 . Memory (MB): peak = 2840.824 ; gain = 77.441 ; free physical = 27887 ; free virtual = 40924

Phase 2 Router Initialization
INFO: [Route 35-64] No timing constraints were detected. The router will operate in resource-optimization mode.

Phase 2.1 Fix Topology Constraints
Phase 2.1 Fix Topology Constraints | Checksum: 1b8235789

Time (s): cpu = 00:00:14 ; elapsed = 00:00:12 . Memory (MB): peak = 2873.824 ; gain = 110.441 ; free physical = 27840 ; free virtual = 40878

Phase 2.2 Pre Route Cleanup
Phase 2.2 Pre Route Cleanup | Checksum: 1b8235789

Time (s): cpu = 00:00:14 ; elapsed = 00:00:12 . Memory (MB): peak = 2873.824 ; gain = 110.441 ; free physical = 27840 ; free virtual = 40878
 Number of Nodes with overlaps = 0

Router Utilization Summary
  Global Vertical Routing Utilization    = 0 %
  Global Horizontal Routing Utilization  = 0 %
  Routable Net Status*
  *Does not include unroutable nets such as driverless and loadless.
  Run report_route_status for detailed report.
  Number of Failed Nets               = 207
    (Failed Nets is the sum of unrouted and partially routed nets)
  Number of Unrouted Nets             = 207
  Number of Partially Routed Nets     = 0
  Number of Node Overlaps             = 0

Phase 2 Router Initialization | Checksum: 2e2db7805

Time (s): cpu = 00:00:15 ; elapsed = 00:00:13 . Memory (MB): peak = 2905.980 ; gain = 142.598 ; free physical = 27813 ; free virtual = 40850

Phase 3 Global Routing
Phase 3 Global Routing | Checksum: 2e2db7805

Time (s): cpu = 00:00:15 ; elapsed = 00:00:13 . Memory (MB): peak = 2905.980 ; gain = 142.598 ; free physical = 27813 ; free virtual = 40850

Phase 4 Initial Routing

Phase 4.1 Initial Net Routing Pass
Phase 4.1 Initial Net Routing Pass | Checksum: 1f330522f

Time (s): cpu = 00:00:15 ; elapsed = 00:00:13 . Memory (MB): peak = 2905.980 ; gain = 142.598 ; free physical = 27812 ; free virtual = 40850
Phase 4 Initial Routing | Checksum: 1f330522f

Time (s): cpu = 00:00:15 ; elapsed = 00:00:13 . Memory (MB): peak = 2905.980 ; gain = 142.598 ; free physical = 27812 ; free virtual = 40850

Phase 5 Rip-up And Reroute

Phase 5.1 Global Iteration 0
 Number of Nodes with overlaps = 13
 Number of Nodes with overlaps = 0
Phase 5.1 Global Iteration 0 | Checksum: 2d35940e0

Time (s): cpu = 00:00:15 ; elapsed = 00:00:13 . Memory (MB): peak = 2905.980 ; gain = 142.598 ; free physical = 27812 ; free virtual = 40850
Phase 5 Rip-up And Reroute | Checksum: 2d35940e0

Time (s): cpu = 00:00:15 ; elapsed = 00:00:13 . Memory (MB): peak = 2905.980 ; gain = 142.598 ; free physical = 27812 ; free virtual = 40850

Phase 6 Delay and Skew Optimization
Phase 6 Delay and Skew Optimization | Checksum: 2d35940e0

Time (s): cpu = 00:00:15 ; elapsed = 00:00:13 . Memory (MB): peak = 2905.980 ; gain = 142.598 ; free physical = 27812 ; free virtual = 40850

Phase 7 Post Hold Fix

Phase 7.1 Hold Fix Iter
Phase 7.1 Hold Fix Iter | Checksum: 2d35940e0

Time (s): cpu = 00:00:15 ; elapsed = 00:00:13 . Memory (MB): peak = 2905.980 ; gain = 142.598 ; free physical = 27812 ; free virtual = 40850
Phase 7 Post Hold Fix | Checksum: 2d35940e0

Time (s): cpu = 00:00:15 ; elapsed = 00:00:13 . Memory (MB): peak = 2905.980 ; gain = 142.598 ; free physical = 27812 ; free virtual = 40850

Phase 8 Route finalize

Router Utilization Summary
  Global Vertical Routing Utilization    = 0.02449 %
  Global Horizontal Routing Utilization  = 0.0226504 %
  Routable Net Status*
  *Does not include unroutable nets such as driverless and loadless.
  Run report_route_status for detailed report.
  Number of Failed Nets               = 0
    (Failed Nets is the sum of unrouted and partially routed nets)
  Number of Unrouted Nets             = 0
  Number of Partially Routed Nets     = 0
  Number of Node Overlaps             = 0


--GLOBAL Congestion:
Utilization threshold used for congestion level computation: 0.85
Congestion Report
North Dir 1x1 Area, Max Cong = 17.1171%, No Congested Regions.
South Dir 1x1 Area, Max Cong = 22.5225%, No Congested Regions.
East Dir 1x1 Area, Max Cong = 11.7647%, No Congested Regions.
West Dir 1x1 Area, Max Cong = 29.4118%, No Congested Regions.

------------------------------
Reporting congestion hotspots
------------------------------
Direction: North
----------------
Congested clusters found at Level 0
Effective congestion level: 0 Aspect Ratio: 1 Sparse Ratio: 0
Direction: South
----------------
Congested clusters found at Level 0
Effective congestion level: 0 Aspect Ratio: 1 Sparse Ratio: 0
Direction: East
----------------
Congested clusters found at Level 0
Effective congestion level: 0 Aspect Ratio: 1 Sparse Ratio: 0
Direction: West
----------------
Congested clusters found at Level 0
Effective congestion level: 0 Aspect Ratio: 1 Sparse Ratio: 0

Phase 8 Route finalize | Checksum: 2d35940e0

Time (s): cpu = 00:00:15 ; elapsed = 00:00:13 . Memory (MB): peak = 2905.980 ; gain = 142.598 ; free physical = 27812 ; free virtual = 40850

Phase 9 Verifying routed nets

 Verification completed successfully
Phase 9 Verifying routed nets | Checksum: 2d35940e0

Time (s): cpu = 00:00:15 ; elapsed = 00:00:13 . Memory (MB): peak = 2905.980 ; gain = 142.598 ; free physical = 27812 ; free virtual = 40850

Phase 10 Depositing Routes
Phase 10 Depositing Routes | Checksum: 296cb8522

Time (s): cpu = 00:00:15 ; elapsed = 00:00:13 . Memory (MB): peak = 2905.980 ; gain = 142.598 ; free physical = 27812 ; free virtual = 40850

Phase 11 Post Process Routing
Phase 11 Post Process Routing | Checksum: 296cb8522

Time (s): cpu = 00:00:15 ; elapsed = 00:00:13 . Memory (MB): peak = 2905.980 ; gain = 142.598 ; free physical = 27812 ; free virtual = 40850
Total Elapsed time in route_design: 12.61 secs

Phase 12 Post-Route Event Processing
Phase 12 Post-Route Event Processing | Checksum: 1bc704fd2

Time (s): cpu = 00:00:15 ; elapsed = 00:00:13 . Memory (MB): peak = 2905.980 ; gain = 142.598 ; free physical = 27812 ; free virtual = 40850
INFO: [Route 35-16] Router Completed Successfully
Ending Routing Task | Checksum: 1bc704fd2

Time (s): cpu = 00:00:15 ; elapsed = 00:00:13 . Memory (MB): peak = 2905.980 ; gain = 142.598 ; free physical = 27812 ; free virtual = 40850

Routing Is Done.
INFO: [Common 17-83] Releasing license: Implementation
62 Infos, 1 Warnings, 0 Critical Warnings and 0 Errors encountered.
route_design completed successfully
route_design: Time (s): cpu = 00:00:15 ; elapsed = 00:00:13 . Memory (MB): peak = 2905.980 ; gain = 142.598 ; free physical = 27784 ; free virtual = 40822
INFO: [Vivado 12-24828] Executing command : report_drc -file system_drc_routed.rpt -pb system_drc_routed.pb -rpx system_drc_routed.rpx
Command: report_drc -file system_drc_routed.rpt -pb system_drc_routed.pb -rpx system_drc_routed.rpx
INFO: [IP_Flow 19-1839] IP Catalog is up to date.
INFO: [DRC 23-27] Running DRC with 8 threads
INFO: [Vivado_Tcl 2-168] The results of DRC are in file /home/calma/Workspace/personal/chip8_emulator/chip8_emulator.runs/impl_1/system_drc_routed.rpt.
report_drc completed successfully
INFO: [Vivado 12-24828] Executing command : report_methodology -file system_methodology_drc_routed.rpt -pb system_methodology_drc_routed.pb -rpx system_methodology_drc_routed.rpx
Command: report_methodology -file system_methodology_drc_routed.rpt -pb system_methodology_drc_routed.pb -rpx system_methodology_drc_routed.rpx
INFO: [Timing 38-35] Done setting XDC timing constraints.
INFO: [DRC 23-133] Running Methodology with 8 threads
INFO: [Vivado_Tcl 2-1520] The results of Report Methodology are in file /home/calma/Workspace/personal/chip8_emulator/chip8_emulator.runs/impl_1/system_methodology_drc_routed.rpt.
report_methodology completed successfully
INFO: [Vivado 12-24828] Executing command : report_timing_summary -max_paths 10 -report_unconstrained -file system_timing_summary_routed.rpt -pb system_timing_summary_routed.pb -rpx system_timing_summary_routed.rpx -warn_on_violation 
INFO: [Timing 38-35] Done setting XDC timing constraints.
INFO: [Timing 38-91] UpdateTimingParams: Speed grade: -1, Delay Type: min_max.
INFO: [Timing 38-191] Multithreading enabled for timing update using a maximum of 8 CPUs
WARNING: [Timing 38-313] There are no user specified timing constraints. Timing constraints are needed for proper timing analysis.
INFO: [Vivado 12-24838] Running report commands "report_bus_skew, report_incremental_reuse, report_route_status" in parallel.
Running report generation with 3 threads.
INFO: [Vivado 12-24828] Executing command : report_incremental_reuse -file system_incremental_reuse_routed.rpt
INFO: [Vivado_Tcl 4-1062] Incremental flow is disabled. No incremental reuse Info to report.
INFO: [Vivado 12-24828] Executing command : report_route_status -file system_route_status.rpt -pb system_route_status.pb
INFO: [Vivado 12-24828] Executing command : report_bus_skew -warn_on_violation -file system_bus_skew_routed.rpt -pb system_bus_skew_routed.pb -rpx system_bus_skew_routed.rpx
INFO: [Timing 38-91] UpdateTimingParams: Speed grade: -1, Delay Type: min_max.
INFO: [Timing 38-191] Multithreading enabled for timing update using a maximum of 8 CPUs
INFO: [Vivado 12-24828] Executing command : report_power -file system_power_routed.rpt -pb system_power_summary_routed.pb -rpx system_power_routed.rpx
Command: report_power -file system_power_routed.rpt -pb system_power_summary_routed.pb -rpx system_power_routed.rpx
WARNING: [Power 33-232] No user defined clocks were found in the design! Power estimation will be inaccurate until this is corrected.
Resolution: Please specify clocks using create_clock/create_generated_clock for sequential elements. For pure combinatorial circuits, please specify a virtual clock, otherwise the vectorless estimation might be inaccurate
Running Vector-less Activity Propagation...

Finished Running Vector-less Activity Propagation
82 Infos, 3 Warnings, 0 Critical Warnings and 0 Errors encountered.
report_power completed successfully
INFO: [Vivado 12-24828] Executing command : report_clock_utilization -file system_clock_utilization_routed.rpt
INFO: [Timing 38-480] Writing timing data to binary archive.
Write ShapeDB Complete: Time (s): cpu = 00:00:00 ; elapsed = 00:00:00 . Memory (MB): peak = 3044.402 ; gain = 0.000 ; free physical = 27343 ; free virtual = 40414
Wrote PlaceDB: Time (s): cpu = 00:00:00.02 ; elapsed = 00:00:00.01 . Memory (MB): peak = 3044.402 ; gain = 0.000 ; free physical = 27343 ; free virtual = 40413
Wrote PulsedLatchDB: Time (s): cpu = 00:00:00 ; elapsed = 00:00:00 . Memory (MB): peak = 3044.402 ; gain = 0.000 ; free physical = 27343 ; free virtual = 40413
Writing XDEF routing.
Writing XDEF routing logical nets.
Writing XDEF routing special nets.
Wrote RouteStorage: Time (s): cpu = 00:00:00.03 ; elapsed = 00:00:00.02 . Memory (MB): peak = 3044.402 ; gain = 0.000 ; free physical = 27343 ; free virtual = 40414
Wrote Netlist Cache: Time (s): cpu = 00:00:00 ; elapsed = 00:00:00 . Memory (MB): peak = 3044.402 ; gain = 0.000 ; free physical = 27343 ; free virtual = 40414
Wrote Device Cache: Time (s): cpu = 00:00:00.01 ; elapsed = 00:00:00 . Memory (MB): peak = 3044.402 ; gain = 0.000 ; free physical = 27342 ; free virtual = 40414
Write Physdb Complete: Time (s): cpu = 00:00:00.06 ; elapsed = 00:00:00.03 . Memory (MB): peak = 3044.402 ; gain = 0.000 ; free physical = 27342 ; free virtual = 40414
INFO: [Common 17-1381] The checkpoint '/home/calma/Workspace/personal/chip8_emulator/chip8_emulator.runs/impl_1/system_routed.dcp' has been generated.
INFO: [Common 17-206] Exiting Vivado at Fri Aug  1 15:02:31 2025...

*** Running vivado
    with args -log system.vdi -applog -m64 -product Vivado -messageDb vivado.pb -mode batch -source system.tcl -notrace


****** Vivado v2024.2 (64-bit)
  **** SW Build 5239630 on Fri Nov 08 22:34:34 MST 2024
  **** IP Build 5239520 on Sun Nov 10 16:12:51 MST 2024
  **** SharedData Build 5239561 on Fri Nov 08 14:39:27 MST 2024
  **** Start of session at: Fri Aug  1 15:02:37 2025
    ** Copyright 1986-2022 Xilinx, Inc. All Rights Reserved.
    ** Copyright 2022-2024 Advanced Micro Devices, Inc. All Rights Reserved.

source system.tcl -notrace
Command: open_checkpoint system_routed.dcp
INFO: [Device 21-403] Loading part xc7z020clg400-1
Netlist sorting complete. Time (s): cpu = 00:00:00.01 ; elapsed = 00:00:00.01 . Memory (MB): peak = 1576.574 ; gain = 0.000 ; free physical = 28498 ; free virtual = 41551
INFO: [Netlist 29-17] Analyzing 23 Unisim elements for replacement
INFO: [Netlist 29-28] Unisim Transformation completed in 0 CPU seconds
INFO: [Project 1-479] Netlist was created with Vivado 2024.2
INFO: [Project 1-570] Preparing netlist for logic optimization
Read ShapeDB Complete: Time (s): cpu = 00:00:00 ; elapsed = 00:00:00 . Memory (MB): peak = 1638.418 ; gain = 0.000 ; free physical = 28383 ; free virtual = 41451
INFO: [Timing 38-478] Restoring timing data from binary archive.
INFO: [Timing 38-479] Binary timing data restore complete.
INFO: [Project 1-856] Restoring constraints from binary archive.
INFO: [Project 1-853] Binary constraint restore complete.
INFO: [Designutils 20-5722] Start Reading Physical Databases.
Reading placement.
Read Netlist Cache: Time (s): cpu = 00:00:00 ; elapsed = 00:00:00 . Memory (MB): peak = 2246.668 ; gain = 0.000 ; free physical = 27695 ; free virtual = 40723
Reading placer database...
Read Device Cache: Time (s): cpu = 00:00:00.01 ; elapsed = 00:00:00.01 . Memory (MB): peak = 2246.668 ; gain = 0.000 ; free physical = 27695 ; free virtual = 40723
Read PlaceDB: Time (s): cpu = 00:00:00 ; elapsed = 00:00:00 . Memory (MB): peak = 2246.668 ; gain = 0.000 ; free physical = 27695 ; free virtual = 40723
Read PulsedLatchDB: Time (s): cpu = 00:00:00 ; elapsed = 00:00:00 . Memory (MB): peak = 2246.668 ; gain = 0.000 ; free physical = 27695 ; free virtual = 40723
Reading routing.
Read RouteStorage: Time (s): cpu = 00:00:00.01 ; elapsed = 00:00:00.01 . Memory (MB): peak = 2246.668 ; gain = 0.000 ; free physical = 27695 ; free virtual = 40723
Read Physdb Files: Time (s): cpu = 00:00:00.02 ; elapsed = 00:00:00.02 . Memory (MB): peak = 2246.668 ; gain = 0.000 ; free physical = 27695 ; free virtual = 40723
Restored from archive | CPU: 0.060000 secs | Memory: 1.343727 MB |
Finished XDEF File Restore: Time (s): cpu = 00:00:00.05 ; elapsed = 00:00:00.05 . Memory (MB): peak = 2246.668 ; gain = 20.812 ; free physical = 27695 ; free virtual = 40723
Netlist sorting complete. Time (s): cpu = 00:00:00 ; elapsed = 00:00:00 . Memory (MB): peak = 2246.668 ; gain = 0.000 ; free physical = 27695 ; free virtual = 40723
INFO: [Project 1-111] Unisim Transformation Summary:
  A total of 8 instances were transformed.
  RAM16X1D => RAM32X1D (RAMD32(x2)): 8 instances

INFO: [Project 1-604] Checkpoint was created with Vivado v2024.2 (64-bit) build 5239630
WARNING: [Vivado 12-23575] Critical violations of the methodology design rules detected. Critical violations may contribute to timing failures or cause functional issues in hardware. Run report_methodology for more information.
open_checkpoint: Time (s): cpu = 00:00:10 ; elapsed = 00:00:10 . Memory (MB): peak = 2246.668 ; gain = 803.754 ; free physical = 27695 ; free virtual = 40723
Command: write_bitstream -force system.bit
Attempting to get a license for feature 'Implementation' and/or device 'xc7z020'
INFO: [Common 17-349] Got license for feature 'Implementation' and/or device 'xc7z020'
Running DRC as a precondition to command write_bitstream
INFO: [IP_Flow 19-234] Refreshing IP repositories
INFO: [IP_Flow 19-1704] No user IP repositories specified
INFO: [IP_Flow 19-2313] Loaded Vivado IP repository '/tools/Xilinx/Vivado/2024.2/data/ip'.
INFO: [DRC 23-27] Running DRC with 8 threads
INFO: [Vivado 12-3199] DRC finished with 0 Errors
INFO: [Vivado 12-3200] Please refer to the DRC report (report_drc) for more information.
INFO: [Designutils 20-2272] Running write_bitstream with 8 threads.
Loading data files...
Loading site data...
Loading route data...
Processing options...
Creating bitmap...
Creating bitstream...
Writing bitstream ./system.bit...
INFO: [Vivado 12-1842] Bitgen Completed Successfully.
INFO: [Project 1-1876] WebTalk data collection is mandatory when using a ULT device. To see the specific WebTalk data collected for your design, open the usage_statistics_webtalk.html or usage_statistics_webtalk.xml file in the implementation directory.
INFO: [Common 17-83] Releasing license: Implementation
23 Infos, 1 Warnings, 0 Critical Warnings and 0 Errors encountered.
write_bitstream completed successfully
write_bitstream: Time (s): cpu = 00:00:10 ; elapsed = 00:00:09 . Memory (MB): peak = 2794.570 ; gain = 547.902 ; free physical = 27178 ; free virtual = 40227
INFO: [Common 17-206] Exiting Vivado at Fri Aug  1 15:02:58 2025...
